[main+0.0]					Starting server on: 130.89.231.127:7331
[main+0.346]					Socket created
[PiServer+0.346]					Starting server loop.
at sun.security.ssl.AppOutputStream.write(Unknown Source)
at java.io.BufferedOutputStream.flushBuffer(Unknown Source)
at java.io.BufferedOutputStream.flush(Unknown Source)
at connection.WallSocketSession.sendPacket(WallSocketSession.java:45)
at connection.WallSocketSession.stopSession(WallSocketSession.java:128)
at connection.WallSocketServer.stopServer(WallSocketServer.java:101)
at main.MainManager.quit(MainManager.java:133)
at main.MainManager$1.run(MainManager.java:84)
at java.lang.Thread.run(Unknown Source)
<<<


>>>[Input-listener-thread+278.013]					 ERROR:java.net.SocketException: Socket is closed
at sun.security.ssl.SSLSocketImpl.checkEOF(Unknown Source)
at sun.security.ssl.SSLSocketImpl.checkWrite(Unknown Source)
at sun.security.ssl.AppOutputStream.write(Unknown Source)
at java.io.BufferedOutputStream.flushBuffer(Unknown Source)
at java.io.BufferedOutputStream.flush(Unknown Source)
at java.io.FilterOutputStream.close(Unknown Source)
at connection.WallSocketSession.stopSession(WallSocketSession.java:134)
at connection.WallSocketServer.stopServer(WallSocketServer.java:101)
at main.MainManager.quit(MainManager.java:133)
at main.MainManager$1.run(MainManager.java:84)
at java.lang.Thread.run(Unknown Source)
<<<


>>>[Session-3-130.89.238.254+278.013]					 ERROR:Connection dead - while waiting<<<


>>>[Session-3-130.89.238.254+278.013]					 ERROR:Connection dead - while reading header<<<


>>>[Session-3-130.89.238.254+278.013]					 ERROR:Connection dead - while waiting<<<


>>>[Session-3-130.89.238.254+278.013]					 ERROR:Connection dead - while reading header<<<


>>>[Session-2-130.89.238.254+278.029]					 ERROR:Connection dead - while reading header<<<

[PiServer+278.375]					Server stopped.
